{"message":"Route found for /_default/ : {\"controller\":\"controllers\\\\IndexController\",\"action\":\"index\",\"mainParams\":null}","context":{"context":"Router","part":"getRouteUrlParts","extra":null},"level":200,"level_name":"INFO","channel":"s623c43adb3d00","datetime":"2022-03-24T13:04:39.639622+01:00","extra":{}}
{"message":"SQLSTATE[HY000] [2002] Aucune connexion n’a pu être établie car l’ordinateur cible l’a expressément refusée","context":{"context":"DAO","part":null,"extra":null},"level":400,"level_name":"ERROR","channel":"s623c43adb3d00","datetime":"2022-03-24T13:50:32.288662+01:00","extra":{}}
{"message":"SQLSTATE[HY000] [2002] Aucune connexion n’a pu être établie car l’ordinateur cible l’a expressément refusée","context":{"context":"DAO","part":null,"extra":null},"level":400,"level_name":"ERROR","channel":"s623c43adb3d00","datetime":"2022-03-24T13:50:40.675561+01:00","extra":{}}
{"message":"SQLSTATE[HY000] [2002] Aucune connexion n’a pu être établie car l’ordinateur cible l’a expressément refusée","context":{"context":"DAO","part":null,"extra":null},"level":400,"level_name":"ERROR","channel":"s623c43adb3d00","datetime":"2022-03-24T13:51:12.805311+01:00","extra":{}}
{"message":"SQLSTATE[HY000] [2002] Aucune connexion n’a pu être établie car l’ordinateur cible l’a expressément refusée","context":{"context":"DAO","part":null,"extra":null},"level":400,"level_name":"ERROR","channel":"s623c43adb3d00","datetime":"2022-03-24T13:52:20.401090+01:00","extra":{}}
{"message":"SQLSTATE[HY000] [2002] Aucune connexion n’a pu être établie car l’ordinateur cible l’a expressément refusée","context":{"context":"DAO","part":null,"extra":null},"level":400,"level_name":"ERROR","channel":"s623c43adb3d00","datetime":"2022-03-24T13:52:34.779107+01:00","extra":{}}
{"message":"Route found for /_default/ : {\"controller\":\"controllers\\\\IndexController\",\"action\":\"index\",\"mainParams\":null}","context":{"context":"Router","part":"getRouteUrlParts","extra":null},"level":200,"level_name":"INFO","channel":"s623c43adb3d00","datetime":"2022-03-24T14:11:53.840159+01:00","extra":{}}
{"message":"Route found for /_default/ : {\"controller\":\"controllers\\\\IndexController\",\"action\":\"index\",\"mainParams\":null}","context":{"context":"Router","part":"getRouteUrlParts","extra":null},"level":200,"level_name":"INFO","channel":"s623c43adb3d00","datetime":"2022-03-24T14:12:45.015822+01:00","extra":{}}
{"message":"SELECT COUNT(*) FROM `basket`","context":{"context":"Database","part":"prepareAndFetchColumn","extra":null},"level":200,"level_name":"INFO","channel":"s623c43adb3d00","datetime":"2022-03-24T14:12:49.315835+01:00","extra":{}}
{"message":"SELECT COUNT(*) FROM `basketdetail`","context":{"context":"Database","part":"prepareAndFetchColumn","extra":null},"level":200,"level_name":"INFO","channel":"s623c43adb3d00","datetime":"2022-03-24T14:12:49.321234+01:00","extra":{}}
{"message":"SELECT COUNT(*) FROM `employee`","context":{"context":"Database","part":"prepareAndFetchColumn","extra":null},"level":200,"level_name":"INFO","channel":"s623c43adb3d00","datetime":"2022-03-24T14:12:49.322776+01:00","extra":{}}
{"message":"SELECT COUNT(*) FROM `order`","context":{"context":"Database","part":"prepareAndFetchColumn","extra":null},"level":200,"level_name":"INFO","channel":"s623c43adb3d00","datetime":"2022-03-24T14:12:49.325407+01:00","extra":{}}
{"message":"SELECT COUNT(*) FROM `orderdetail`","context":{"context":"Database","part":"prepareAndFetchColumn","extra":null},"level":200,"level_name":"INFO","channel":"s623c43adb3d00","datetime":"2022-03-24T14:12:49.364354+01:00","extra":{}}
{"message":"SELECT COUNT(*) FROM `product`","context":{"context":"Database","part":"prepareAndFetchColumn","extra":null},"level":200,"level_name":"INFO","channel":"s623c43adb3d00","datetime":"2022-03-24T14:12:49.368303+01:00","extra":{}}
{"message":"SELECT COUNT(*) FROM `section`","context":{"context":"Database","part":"prepareAndFetchColumn","extra":null},"level":200,"level_name":"INFO","channel":"s623c43adb3d00","datetime":"2022-03-24T14:12:49.370114+01:00","extra":{}}
{"message":"SELECT COUNT(*) FROM `slot`","context":{"context":"Database","part":"prepareAndFetchColumn","extra":null},"level":200,"level_name":"INFO","channel":"s623c43adb3d00","datetime":"2022-03-24T14:12:49.371716+01:00","extra":{}}
{"message":"SELECT COUNT(*) FROM `timeslot`","context":{"context":"Database","part":"prepareAndFetchColumn","extra":null},"level":200,"level_name":"INFO","channel":"s623c43adb3d00","datetime":"2022-03-24T14:12:49.402175+01:00","extra":{}}
{"message":"SELECT COUNT(*) FROM `user`","context":{"context":"Database","part":"prepareAndFetchColumn","extra":null},"level":200,"level_name":"INFO","channel":"s623c43adb3d00","datetime":"2022-03-24T14:12:49.403477+01:00","extra":{}}
{"message":"SELECT COUNT(*) FROM `basket`","context":{"context":"Database","part":"prepareAndFetchColumn","extra":null},"level":200,"level_name":"INFO","channel":"s623c43adb3d00","datetime":"2022-03-24T14:14:00.721751+01:00","extra":{}}
{"message":"SELECT COUNT(*) FROM `basketdetail`","context":{"context":"Database","part":"prepareAndFetchColumn","extra":null},"level":200,"level_name":"INFO","channel":"s623c43adb3d00","datetime":"2022-03-24T14:14:00.725012+01:00","extra":{}}
{"message":"SELECT COUNT(*) FROM `employee`","context":{"context":"Database","part":"prepareAndFetchColumn","extra":null},"level":200,"level_name":"INFO","channel":"s623c43adb3d00","datetime":"2022-03-24T14:14:00.725876+01:00","extra":{}}
{"message":"SELECT COUNT(*) FROM `order`","context":{"context":"Database","part":"prepareAndFetchColumn","extra":null},"level":200,"level_name":"INFO","channel":"s623c43adb3d00","datetime":"2022-03-24T14:14:00.726737+01:00","extra":{}}
{"message":"SELECT COUNT(*) FROM `orderdetail`","context":{"context":"Database","part":"prepareAndFetchColumn","extra":null},"level":200,"level_name":"INFO","channel":"s623c43adb3d00","datetime":"2022-03-24T14:14:00.727306+01:00","extra":{}}
{"message":"SELECT COUNT(*) FROM `product`","context":{"context":"Database","part":"prepareAndFetchColumn","extra":null},"level":200,"level_name":"INFO","channel":"s623c43adb3d00","datetime":"2022-03-24T14:14:00.727884+01:00","extra":{}}
{"message":"SELECT COUNT(*) FROM `section`","context":{"context":"Database","part":"prepareAndFetchColumn","extra":null},"level":200,"level_name":"INFO","channel":"s623c43adb3d00","datetime":"2022-03-24T14:14:00.728379+01:00","extra":{}}
{"message":"SELECT COUNT(*) FROM `slot`","context":{"context":"Database","part":"prepareAndFetchColumn","extra":null},"level":200,"level_name":"INFO","channel":"s623c43adb3d00","datetime":"2022-03-24T14:14:00.728857+01:00","extra":{}}
{"message":"SELECT COUNT(*) FROM `timeslot`","context":{"context":"Database","part":"prepareAndFetchColumn","extra":null},"level":200,"level_name":"INFO","channel":"s623c43adb3d00","datetime":"2022-03-24T14:14:00.729354+01:00","extra":{}}
{"message":"SELECT COUNT(*) FROM `user`","context":{"context":"Database","part":"prepareAndFetchColumn","extra":null},"level":200,"level_name":"INFO","channel":"s623c43adb3d00","datetime":"2022-03-24T14:14:00.729854+01:00","extra":{}}
{"message":"SELECT COUNT(*) FROM `employee` WHERE 1=1","context":{"context":"Database","part":"prepareAndFetchColumn","extra":null},"level":200,"level_name":"INFO","channel":"s623c43adb3d00","datetime":"2022-03-24T14:14:25.848823+01:00","extra":{}}
{"message":"SELECT `employee`.`id`,`employee`.`name`,`employee`.`email`,`employee`.`password` FROM `employee` ","context":{"context":"Database","part":"prepareAndExecute","extra":null},"level":200,"level_name":"INFO","channel":"s623c43adb3d00","datetime":"2022-03-24T14:14:25.909216+01:00","extra":{}}
{"message":"Route found for /_default/ : {\"controller\":\"controllers\\\\IndexController\",\"action\":\"index\",\"mainParams\":null}","context":{"context":"Router","part":"getRouteUrlParts","extra":null},"level":200,"level_name":"INFO","channel":"s623c43adb3d00","datetime":"2022-03-24T14:16:30.783918+01:00","extra":{}}
{"message":"SELECT COUNT(*) FROM `employee` WHERE 1=1","context":{"context":"Database","part":"prepareAndFetchColumn","extra":null},"level":200,"level_name":"INFO","channel":"s623c43adb3d00","datetime":"2022-03-24T14:16:31.355044+01:00","extra":{}}
{"message":"SELECT `employee`.`id`,`employee`.`name`,`employee`.`email`,`employee`.`password` FROM `employee` ","context":{"context":"Database","part":"prepareAndExecute","extra":null},"level":200,"level_name":"INFO","channel":"s623c43adb3d00","datetime":"2022-03-24T14:16:31.359718+01:00","extra":{}}
{"message":"SELECT COUNT(*) FROM `basket`","context":{"context":"Database","part":"prepareAndFetchColumn","extra":null},"level":200,"level_name":"INFO","channel":"s623c43adb3d00","datetime":"2022-03-24T14:16:31.484610+01:00","extra":{}}
{"message":"SELECT COUNT(*) FROM `basketdetail`","context":{"context":"Database","part":"prepareAndFetchColumn","extra":null},"level":200,"level_name":"INFO","channel":"s623c43adb3d00","datetime":"2022-03-24T14:16:31.485170+01:00","extra":{}}
{"message":"SELECT COUNT(*) FROM `employee`","context":{"context":"Database","part":"prepareAndFetchColumn","extra":null},"level":200,"level_name":"INFO","channel":"s623c43adb3d00","datetime":"2022-03-24T14:16:31.485394+01:00","extra":{}}
{"message":"SELECT COUNT(*) FROM `order`","context":{"context":"Database","part":"prepareAndFetchColumn","extra":null},"level":200,"level_name":"INFO","channel":"s623c43adb3d00","datetime":"2022-03-24T14:16:31.485926+01:00","extra":{}}
{"message":"SELECT COUNT(*) FROM `orderdetail`","context":{"context":"Database","part":"prepareAndFetchColumn","extra":null},"level":200,"level_name":"INFO","channel":"s623c43adb3d00","datetime":"2022-03-24T14:16:31.486460+01:00","extra":{}}
{"message":"SELECT COUNT(*) FROM `product`","context":{"context":"Database","part":"prepareAndFetchColumn","extra":null},"level":200,"level_name":"INFO","channel":"s623c43adb3d00","datetime":"2022-03-24T14:16:31.487073+01:00","extra":{}}
{"message":"SELECT COUNT(*) FROM `section`","context":{"context":"Database","part":"prepareAndFetchColumn","extra":null},"level":200,"level_name":"INFO","channel":"s623c43adb3d00","datetime":"2022-03-24T14:16:31.487582+01:00","extra":{}}
{"message":"SELECT COUNT(*) FROM `slot`","context":{"context":"Database","part":"prepareAndFetchColumn","extra":null},"level":200,"level_name":"INFO","channel":"s623c43adb3d00","datetime":"2022-03-24T14:16:31.488053+01:00","extra":{}}
{"message":"SELECT COUNT(*) FROM `timeslot`","context":{"context":"Database","part":"prepareAndFetchColumn","extra":null},"level":200,"level_name":"INFO","channel":"s623c43adb3d00","datetime":"2022-03-24T14:16:31.488540+01:00","extra":{}}
{"message":"SELECT COUNT(*) FROM `user`","context":{"context":"Database","part":"prepareAndFetchColumn","extra":null},"level":200,"level_name":"INFO","channel":"s623c43adb3d00","datetime":"2022-03-24T14:16:31.489014+01:00","extra":{}}
{"message":"Route found for /_default/ : {\"controller\":\"controllers\\\\IndexController\",\"action\":\"index\",\"mainParams\":null}","context":{"context":"Router","part":"getRouteUrlParts","extra":null},"level":200,"level_name":"INFO","channel":"s623c43adb3d00","datetime":"2022-03-24T14:17:43.113001+01:00","extra":{}}
{"message":"SELECT COUNT(*) FROM `employee` WHERE 1=1","context":{"context":"Database","part":"prepareAndFetchColumn","extra":null},"level":200,"level_name":"INFO","channel":"s623c43adb3d00","datetime":"2022-03-24T14:17:43.551565+01:00","extra":{}}
{"message":"SELECT `employee`.`id`,`employee`.`name`,`employee`.`email`,`employee`.`password` FROM `employee` ","context":{"context":"Database","part":"prepareAndExecute","extra":null},"level":200,"level_name":"INFO","channel":"s623c43adb3d00","datetime":"2022-03-24T14:17:43.555686+01:00","extra":{}}
{"message":"SELECT COUNT(*) FROM `basket`","context":{"context":"Database","part":"prepareAndFetchColumn","extra":null},"level":200,"level_name":"INFO","channel":"s623c43adb3d00","datetime":"2022-03-24T14:17:43.630041+01:00","extra":{}}
{"message":"SELECT COUNT(*) FROM `basketdetail`","context":{"context":"Database","part":"prepareAndFetchColumn","extra":null},"level":200,"level_name":"INFO","channel":"s623c43adb3d00","datetime":"2022-03-24T14:17:43.630455+01:00","extra":{}}
{"message":"SELECT COUNT(*) FROM `employee`","context":{"context":"Database","part":"prepareAndFetchColumn","extra":null},"level":200,"level_name":"INFO","channel":"s623c43adb3d00","datetime":"2022-03-24T14:17:43.630665+01:00","extra":{}}
{"message":"SELECT COUNT(*) FROM `order`","context":{"context":"Database","part":"prepareAndFetchColumn","extra":null},"level":200,"level_name":"INFO","channel":"s623c43adb3d00","datetime":"2022-03-24T14:17:43.631040+01:00","extra":{}}
{"message":"SELECT COUNT(*) FROM `orderdetail`","context":{"context":"Database","part":"prepareAndFetchColumn","extra":null},"level":200,"level_name":"INFO","channel":"s623c43adb3d00","datetime":"2022-03-24T14:17:43.631383+01:00","extra":{}}
{"message":"SELECT COUNT(*) FROM `product`","context":{"context":"Database","part":"prepareAndFetchColumn","extra":null},"level":200,"level_name":"INFO","channel":"s623c43adb3d00","datetime":"2022-03-24T14:17:43.631781+01:00","extra":{}}
{"message":"SELECT COUNT(*) FROM `section`","context":{"context":"Database","part":"prepareAndFetchColumn","extra":null},"level":200,"level_name":"INFO","channel":"s623c43adb3d00","datetime":"2022-03-24T14:17:43.632214+01:00","extra":{}}
{"message":"SELECT COUNT(*) FROM `slot`","context":{"context":"Database","part":"prepareAndFetchColumn","extra":null},"level":200,"level_name":"INFO","channel":"s623c43adb3d00","datetime":"2022-03-24T14:17:43.632580+01:00","extra":{}}
{"message":"SELECT COUNT(*) FROM `timeslot`","context":{"context":"Database","part":"prepareAndFetchColumn","extra":null},"level":200,"level_name":"INFO","channel":"s623c43adb3d00","datetime":"2022-03-24T14:17:43.633051+01:00","extra":{}}
{"message":"SELECT COUNT(*) FROM `user`","context":{"context":"Database","part":"prepareAndFetchColumn","extra":null},"level":200,"level_name":"INFO","channel":"s623c43adb3d00","datetime":"2022-03-24T14:17:43.633489+01:00","extra":{}}
{"message":"Route found for /_default/ : {\"controller\":\"controllers\\\\IndexController\",\"action\":\"index\",\"mainParams\":null}","context":{"context":"Router","part":"getRouteUrlParts","extra":null},"level":200,"level_name":"INFO","channel":"s623c43adb3d00","datetime":"2022-03-24T14:18:06.501642+01:00","extra":{}}
{"message":"SELECT COUNT(*) FROM `employee` WHERE 1=1","context":{"context":"Database","part":"prepareAndFetchColumn","extra":null},"level":200,"level_name":"INFO","channel":"s623c43adb3d00","datetime":"2022-03-24T14:18:07.232119+01:00","extra":{}}
{"message":"SELECT `employee`.`id`,`employee`.`name`,`employee`.`email`,`employee`.`password` FROM `employee` ","context":{"context":"Database","part":"prepareAndExecute","extra":null},"level":200,"level_name":"INFO","channel":"s623c43adb3d00","datetime":"2022-03-24T14:18:07.238740+01:00","extra":{}}
{"message":"SELECT COUNT(*) FROM `basket`","context":{"context":"Database","part":"prepareAndFetchColumn","extra":null},"level":200,"level_name":"INFO","channel":"s623c43adb3d00","datetime":"2022-03-24T14:18:07.364971+01:00","extra":{}}
{"message":"SELECT COUNT(*) FROM `basketdetail`","context":{"context":"Database","part":"prepareAndFetchColumn","extra":null},"level":200,"level_name":"INFO","channel":"s623c43adb3d00","datetime":"2022-03-24T14:18:07.365644+01:00","extra":{}}
{"message":"SELECT COUNT(*) FROM `employee`","context":{"context":"Database","part":"prepareAndFetchColumn","extra":null},"level":200,"level_name":"INFO","channel":"s623c43adb3d00","datetime":"2022-03-24T14:18:07.365951+01:00","extra":{}}
{"message":"SELECT COUNT(*) FROM `order`","context":{"context":"Database","part":"prepareAndFetchColumn","extra":null},"level":200,"level_name":"INFO","channel":"s623c43adb3d00","datetime":"2022-03-24T14:18:07.366756+01:00","extra":{}}
{"message":"SELECT COUNT(*) FROM `orderdetail`","context":{"context":"Database","part":"prepareAndFetchColumn","extra":null},"level":200,"level_name":"INFO","channel":"s623c43adb3d00","datetime":"2022-03-24T14:18:07.367500+01:00","extra":{}}
{"message":"SELECT COUNT(*) FROM `product`","context":{"context":"Database","part":"prepareAndFetchColumn","extra":null},"level":200,"level_name":"INFO","channel":"s623c43adb3d00","datetime":"2022-03-24T14:18:07.368141+01:00","extra":{}}
{"message":"SELECT COUNT(*) FROM `section`","context":{"context":"Database","part":"prepareAndFetchColumn","extra":null},"level":200,"level_name":"INFO","channel":"s623c43adb3d00","datetime":"2022-03-24T14:18:07.368785+01:00","extra":{}}
{"message":"SELECT COUNT(*) FROM `slot`","context":{"context":"Database","part":"prepareAndFetchColumn","extra":null},"level":200,"level_name":"INFO","channel":"s623c43adb3d00","datetime":"2022-03-24T14:18:07.369593+01:00","extra":{}}
{"message":"SELECT COUNT(*) FROM `timeslot`","context":{"context":"Database","part":"prepareAndFetchColumn","extra":null},"level":200,"level_name":"INFO","channel":"s623c43adb3d00","datetime":"2022-03-24T14:18:07.370240+01:00","extra":{}}
{"message":"SELECT COUNT(*) FROM `user`","context":{"context":"Database","part":"prepareAndFetchColumn","extra":null},"level":200,"level_name":"INFO","channel":"s623c43adb3d00","datetime":"2022-03-24T14:18:07.370849+01:00","extra":{}}
{"message":"Route found for /_default/ : {\"controller\":\"controllers\\\\IndexController\",\"action\":\"index\",\"mainParams\":null}","context":{"context":"Router","part":"getRouteUrlParts","extra":null},"level":200,"level_name":"INFO","channel":"s623c43adb3d00","datetime":"2022-03-24T14:18:25.989486+01:00","extra":{}}
{"message":"SELECT COUNT(*) FROM `employee` WHERE 1=1","context":{"context":"Database","part":"prepareAndFetchColumn","extra":null},"level":200,"level_name":"INFO","channel":"s623c43adb3d00","datetime":"2022-03-24T14:18:26.331500+01:00","extra":{}}
{"message":"SELECT `employee`.`id`,`employee`.`name`,`employee`.`email`,`employee`.`password` FROM `employee` ","context":{"context":"Database","part":"prepareAndExecute","extra":null},"level":200,"level_name":"INFO","channel":"s623c43adb3d00","datetime":"2022-03-24T14:18:26.334374+01:00","extra":{}}
{"message":"SELECT COUNT(*) FROM `basket`","context":{"context":"Database","part":"prepareAndFetchColumn","extra":null},"level":200,"level_name":"INFO","channel":"s623c43adb3d00","datetime":"2022-03-24T14:18:26.404879+01:00","extra":{}}
{"message":"SELECT COUNT(*) FROM `basketdetail`","context":{"context":"Database","part":"prepareAndFetchColumn","extra":null},"level":200,"level_name":"INFO","channel":"s623c43adb3d00","datetime":"2022-03-24T14:18:26.405281+01:00","extra":{}}
{"message":"SELECT COUNT(*) FROM `employee`","context":{"context":"Database","part":"prepareAndFetchColumn","extra":null},"level":200,"level_name":"INFO","channel":"s623c43adb3d00","datetime":"2022-03-24T14:18:26.405461+01:00","extra":{}}
{"message":"SELECT COUNT(*) FROM `order`","context":{"context":"Database","part":"prepareAndFetchColumn","extra":null},"level":200,"level_name":"INFO","channel":"s623c43adb3d00","datetime":"2022-03-24T14:18:26.405829+01:00","extra":{}}
{"message":"SELECT COUNT(*) FROM `orderdetail`","context":{"context":"Database","part":"prepareAndFetchColumn","extra":null},"level":200,"level_name":"INFO","channel":"s623c43adb3d00","datetime":"2022-03-24T14:18:26.406173+01:00","extra":{}}
{"message":"SELECT COUNT(*) FROM `product`","context":{"context":"Database","part":"prepareAndFetchColumn","extra":null},"level":200,"level_name":"INFO","channel":"s623c43adb3d00","datetime":"2022-03-24T14:18:26.406562+01:00","extra":{}}
{"message":"SELECT COUNT(*) FROM `section`","context":{"context":"Database","part":"prepareAndFetchColumn","extra":null},"level":200,"level_name":"INFO","channel":"s623c43adb3d00","datetime":"2022-03-24T14:18:26.406923+01:00","extra":{}}
{"message":"SELECT COUNT(*) FROM `slot`","context":{"context":"Database","part":"prepareAndFetchColumn","extra":null},"level":200,"level_name":"INFO","channel":"s623c43adb3d00","datetime":"2022-03-24T14:18:26.407263+01:00","extra":{}}
{"message":"SELECT COUNT(*) FROM `timeslot`","context":{"context":"Database","part":"prepareAndFetchColumn","extra":null},"level":200,"level_name":"INFO","channel":"s623c43adb3d00","datetime":"2022-03-24T14:18:26.407612+01:00","extra":{}}
{"message":"SELECT COUNT(*) FROM `user`","context":{"context":"Database","part":"prepareAndFetchColumn","extra":null},"level":200,"level_name":"INFO","channel":"s623c43adb3d00","datetime":"2022-03-24T14:18:26.407998+01:00","extra":{}}
